<?xml version="1.0" encoding="UTF-8"?>
<testsuite xmlns:xsi="http://www.w3.org/2001/XMLSchema-instance" xsi:noNamespaceSchemaLocation="https://maven.apache.org/surefire/maven-failsafe-plugin/xsd/failsafe-test-report-3.0.xsd" version="3.0" name="com.telstra.codechallenge.FunctionalIT" time="1.288" tests="5" errors="0" skipped="0" failures="5">
  <properties>
[...]
</properties>
  <testcase name="testMicroservice" classname="com.telstra.codechallenge.FunctionalIT" time="0.294">
    <failure type="org.opentest4j.AssertionFailedError"><![CDATA[org.opentest4j.AssertionFailedError: microservice.feature:6 - evaluation of 'karate-config.js' failed: javascript function call failed: ReferenceError: "karate" is not defined
]]></failure>
    <system-out><![CDATA[01:28:46.562 [main] ERROR com.intuit.karate - javascript function call failed: ReferenceError: "karate" is not defined
01:28:46.567 [main] ERROR com.intuit.karate - failed function body: function() {
  // See https://github.com/intuit/karate#karate-configjs for information on
  // this file.

  karate.configure("connectTimeout", 5000);
  karate.configure("readTimeout", 5000);

  var protocol = "http";
  var host = "localhost";

  var microservicePort = karate.properties["microservice.port"];
  if (!microservicePort) {
    microservicePort = "8080";
  }

  config = {};
  config.microserviceUrl = protocol + "://" + host + ":" + microservicePort;
  return config;
}
01:28:46.567 [main] ERROR com.intuit.karate - evaluation of 'karate-config.js' failed: javascript function call failed: ReferenceError: "karate" is not defined
---------------------------------------------------------
feature: classpath:com/telstra/codechallenge/microservice.feature
scenarios:  1 | passed:  0 | failed:  1 | time: 0.0000
---------------------------------------------------------

HTML report: (paste into browser to view) | Karate version: 0.9.5
file:/c:/spring-boot-coding-exercise/functional-tests/target/surefire-reports/com.telstra.codechallenge.microservice.html
---------------------------------------------------------

]]></system-out>
  </testcase>
  <testcase name="testMicroservice" classname="com.telstra.codechallenge.FunctionalIT" time="0.082">
    <failure type="org.opentest4j.AssertionFailedError"><![CDATA[org.opentest4j.AssertionFailedError: microservice.feature:13 - evaluation of 'karate-config.js' failed: javascript function call failed: ReferenceError: "karate" is not defined
]]></failure>
    <system-out><![CDATA[01:28:46.745 [main] ERROR com.intuit.karate - javascript function call failed: ReferenceError: "karate" is not defined
01:28:46.745 [main] ERROR com.intuit.karate - failed function body: function() {
  // See https://github.com/intuit/karate#karate-configjs for information on
  // this file.

  karate.configure("connectTimeout", 5000);
  karate.configure("readTimeout", 5000);

  var protocol = "http";
  var host = "localhost";

  var microservicePort = karate.properties["microservice.port"];
  if (!microservicePort) {
    microservicePort = "8080";
  }

  config = {};
  config.microserviceUrl = protocol + "://" + host + ":" + microservicePort;
  return config;
}
01:28:46.746 [main] ERROR com.intuit.karate - evaluation of 'karate-config.js' failed: javascript function call failed: ReferenceError: "karate" is not defined
---------------------------------------------------------
feature: classpath:com/telstra/codechallenge/microservice.feature
scenarios:  3 | passed:  0 | failed:  3 | time: 0.0000
---------------------------------------------------------

HTML report: (paste into browser to view) | Karate version: 0.9.5
file:/c:/spring-boot-coding-exercise/functional-tests/target/surefire-reports/com.telstra.codechallenge.microservice.html
---------------------------------------------------------

]]></system-out>
  </testcase>
  <testcase name="testQuotes" classname="com.telstra.codechallenge.FunctionalIT" time="0.058">
    <failure type="org.opentest4j.AssertionFailedError"><![CDATA[org.opentest4j.AssertionFailedError: quotes.feature:6 - evaluation of 'karate-config.js' failed: javascript function call failed: ReferenceError: "karate" is not defined
]]></failure>
    <system-out><![CDATA[01:28:46.873 [main] ERROR com.intuit.karate - javascript function call failed: ReferenceError: "karate" is not defined
01:28:46.874 [main] ERROR com.intuit.karate - failed function body: function() {
  // See https://github.com/intuit/karate#karate-configjs for information on
  // this file.

  karate.configure("connectTimeout", 5000);
  karate.configure("readTimeout", 5000);

  var protocol = "http";
  var host = "localhost";

  var microservicePort = karate.properties["microservice.port"];
  if (!microservicePort) {
    microservicePort = "8080";
  }

  config = {};
  config.microserviceUrl = protocol + "://" + host + ":" + microservicePort;
  return config;
}
01:28:46.874 [main] ERROR com.intuit.karate - evaluation of 'karate-config.js' failed: javascript function call failed: ReferenceError: "karate" is not defined
---------------------------------------------------------
feature: classpath:com/telstra/codechallenge/quotes.feature
scenarios:  1 | passed:  0 | failed:  1 | time: 0.0000
---------------------------------------------------------

HTML report: (paste into browser to view) | Karate version: 0.9.5
file:/c:/spring-boot-coding-exercise/functional-tests/target/surefire-reports/com.telstra.codechallenge.quotes.html
---------------------------------------------------------

]]></system-out>
  </testcase>
  <testcase name="testQuotes" classname="com.telstra.codechallenge.FunctionalIT" time="0.056">
    <failure type="org.opentest4j.AssertionFailedError"><![CDATA[org.opentest4j.AssertionFailedError: quotes.feature:24 - evaluation of 'karate-config.js' failed: javascript function call failed: ReferenceError: "karate" is not defined
]]></failure>
    <system-out><![CDATA[01:28:46.937 [main] ERROR com.intuit.karate - javascript function call failed: ReferenceError: "karate" is not defined
01:28:46.938 [main] ERROR com.intuit.karate - failed function body: function() {
  // See https://github.com/intuit/karate#karate-configjs for information on
  // this file.

  karate.configure("connectTimeout", 5000);
  karate.configure("readTimeout", 5000);

  var protocol = "http";
  var host = "localhost";

  var microservicePort = karate.properties["microservice.port"];
  if (!microservicePort) {
    microservicePort = "8080";
  }

  config = {};
  config.microserviceUrl = protocol + "://" + host + ":" + microservicePort;
  return config;
}
01:28:46.939 [main] ERROR com.intuit.karate - evaluation of 'karate-config.js' failed: javascript function call failed: ReferenceError: "karate" is not defined
---------------------------------------------------------
feature: classpath:com/telstra/codechallenge/quotes.feature
scenarios:  3 | passed:  0 | failed:  3 | time: 0.0000
---------------------------------------------------------

HTML report: (paste into browser to view) | Karate version: 0.9.5
file:/c:/spring-boot-coding-exercise/functional-tests/target/surefire-reports/com.telstra.codechallenge.quotes.html
---------------------------------------------------------

]]></system-out>
  </testcase>
  <testcase name="testHelloWorld" classname="com.telstra.codechallenge.FunctionalIT" time="0.048">
    <failure type="org.opentest4j.AssertionFailedError"><![CDATA[org.opentest4j.AssertionFailedError: helloworld.feature:6 - evaluation of 'karate-config.js' failed: javascript function call failed: ReferenceError: "karate" is not defined
]]></failure>
    <system-out><![CDATA[01:28:47.023 [main] ERROR com.intuit.karate - javascript function call failed: ReferenceError: "karate" is not defined
01:28:47.024 [main] ERROR com.intuit.karate - failed function body: function() {
  // See https://github.com/intuit/karate#karate-configjs for information on
  // this file.

  karate.configure("connectTimeout", 5000);
  karate.configure("readTimeout", 5000);

  var protocol = "http";
  var host = "localhost";

  var microservicePort = karate.properties["microservice.port"];
  if (!microservicePort) {
    microservicePort = "8080";
  }

  config = {};
  config.microserviceUrl = protocol + "://" + host + ":" + microservicePort;
  return config;
}
01:28:47.025 [main] ERROR com.intuit.karate - evaluation of 'karate-config.js' failed: javascript function call failed: ReferenceError: "karate" is not defined
---------------------------------------------------------
feature: classpath:com/telstra/codechallenge/helloworld.feature
scenarios:  1 | passed:  0 | failed:  1 | time: 0.0000
---------------------------------------------------------

HTML report: (paste into browser to view) | Karate version: 0.9.5
file:/c:/spring-boot-coding-exercise/functional-tests/target/surefire-reports/com.telstra.codechallenge.helloworld.html
---------------------------------------------------------

]]></system-out>
  </testcase>
</testsuite>