<?xml version="1.0" encoding="UTF-8"?>
<testsuite xmlns:xsi="http://www.w3.org/2001/XMLSchema-instance" xsi:noNamespaceSchemaLocation="https://maven.apache.org/surefire/maven-surefire-plugin/xsd/surefire-test-report.xsd" name="com.telstra.codechallenge.FunctionalIT" time="17.351" tests="7" errors="0" skipped="0" failures="0">
  <properties>
[...]
</properties>
  <testcase name="testMicroservice[1][1]" classname="com.telstra.codechallenge.FunctionalIT" time="6.411"/>
  <testcase name="testMicroservice[1][2]" classname="com.telstra.codechallenge.FunctionalIT" time="2.222"/>
  <testcase name="testGitHub[1][1]" classname="com.telstra.codechallenge.FunctionalIT" time="1.546"/>
  <testcase name="testGitHub[1][2]" classname="com.telstra.codechallenge.FunctionalIT" time="1.741"/>
  <testcase name="testQuotes[1][1]" classname="com.telstra.codechallenge.FunctionalIT" time="1.403"/>
  <testcase name="testQuotes[1][2]" classname="com.telstra.codechallenge.FunctionalIT" time="1.502"/>
  <testcase name="testHelloWorld[1][1]" classname="com.telstra.codechallenge.FunctionalIT" time="0.781"/>
</testsuite>